info it worked if it ends with ok
verbose cli [ 'node', '/usr/local/bin/npm', 'start' ]
info using npm@1.0.106
info using node@v0.6.1
verbose config file /Users/chichi/.npmrc
verbose config file /usr/local/etc/npmrc
verbose config file /usr/local/lib/node_modules/npm/npmrc
silly testEngine { name: 'application-name',
silly testEngine   version: '0.0.1',
silly testEngine   private: true,
silly testEngine   dependencies: { express: '2.5.8', jade: '>= 0.0.1', 'coffee-script': '~1.2.0' },
silly testEngine   _id: 'application-name@0.0.1',
silly testEngine   scripts: { start: 'node server.js' },
silly testEngine   devDependencies: {},
silly testEngine   engines: { node: '*' },
silly testEngine   _engineSupported: true,
silly testEngine   _npmVersion: '1.0.106',
silly testEngine   _nodeVersion: 'v0.6.1',
silly testEngine   _defaultsLoaded: true }
verbose caching /Users/chichi/Sites/Hotpie/package.json
verbose loadDefaults application-name@0.0.1
verbose run-script [ 'prestart', 'start', 'poststart' ]
info prestart application-name@0.0.1
info start application-name@0.0.1
verbose unsafe-perm in lifecycle true
silly exec sh "-c" "node server.js"
silly spawning [ 'sh',
silly spawning   [ '-c', 'node server.js' ],
silly spawning   '/Users/chichi/Sites/Hotpie' ]
info application-name@0.0.1 Failed to exec start script
ERR! application-name@0.0.1 start: `node server.js`
ERR! `sh "-c" "node server.js"` failed with 1
ERR! 
ERR! Failed at the application-name@0.0.1 start script.
ERR! This is most likely a problem with the application-name package,
ERR! not with npm itself.
ERR! Tell the author that this fails on your system:
ERR!     node server.js
ERR! You can get their info via:
ERR!     npm owner ls application-name
ERR! There is likely additional logging output above.
ERR! 
ERR! System Darwin 11.3.0
ERR! command "node" "/usr/local/bin/npm" "start"
ERR! cwd /Users/chichi/Sites/Hotpie
ERR! node -v v0.6.1
ERR! npm -v 1.0.106
ERR! code ELIFECYCLE
verbose exit [ 1, true ]
